<?xml version="1.0" encoding="UTF-8"?>
<!-- Generated by org.testng.reporters.JUnitReportReporter -->
<testsuite hostname="DESKTOP-9P8LSFH" failures="0" tests="1" name="checkoutQA.Test1Checkout" time="43.831" errors="0" timestamp="2024-08-22T15:59:49 IST" skipped="0">
  <testcase classname="checkoutQA.Test1Checkout" name="CheckoutTest" time="43.831"/>
</testsuite> <!-- checkoutQA.Test1Checkout -->
